|SourceProjectName:help.hpr
|DestinationProjectName:index.html
index_hha.hhk
index.hhc
index.hhk
index.php\forum1\f-1.html
index.php\forum2\f-2-p-10.html
index.php\forum2\f-2-p-11.html
index.php\forum2\f-2-p-12.html
index.php\forum2\f-2-p-13.html
index.php\forum2\f-2-p-14.html
index.php\forum2\f-2-p-15.html
index.php\forum2\f-2-p-16.html
index.php\forum2\f-2-p-17.html
index.php\forum2\f-2-p-18.html
index.php\forum2\f-2-p-19.html
index.php\forum2\f-2-p-2.html
index.php\forum2\f-2-p-20.html
index.php\forum2\f-2-p-21.html
index.php\forum2\f-2-p-22.html
index.php\forum2\f-2-p-23.html
index.php\forum2\f-2-p-24.html
index.php\forum2\f-2-p-25.html
index.php\forum2\f-2-p-26.html
index.php\forum2\f-2-p-27.html
index.php\forum2\f-2-p-28.html
index.php\forum2\f-2-p-29.html
index.php\forum2\f-2-p-3.html
index.php\forum2\f-2-p-30.html
index.php\forum2\f-2-p-31.html
index.php\forum2\f-2-p-32.html
index.php\forum2\f-2-p-33.html
index.php\forum2\f-2-p-34.html
index.php\forum2\f-2-p-35.html
index.php\forum2\f-2-p-36.html
index.php\forum2\f-2-p-37.html
index.php\forum2\f-2-p-38.html
index.php\forum2\f-2-p-39.html
index.php\forum2\f-2-p-4.html
index.php\forum2\f-2-p-40.html
index.php\forum2\f-2-p-41.html
index.php\forum2\f-2-p-42.html
index.php\forum2\f-2-p-43.html
index.php\forum2\f-2-p-44.html
index.php\forum2\f-2-p-45.html
index.php\forum2\f-2-p-46.html
index.php\forum2\f-2-p-47.html
index.php\forum2\f-2-p-48.html
index.php\forum2\f-2-p-49.html
index.php\forum2\f-2-p-5.html
index.php\forum2\f-2-p-50.html
index.php\forum2\f-2-p-51.html
index.php\forum2\f-2-p-52.html
index.php\forum2\f-2-p-53.html
index.php\forum2\f-2-p-54.html
index.php\forum2\f-2-p-55.html
index.php\forum2\f-2-p-56.html
index.php\forum2\f-2-p-57.html
index.php\forum2\f-2-p-58.html
index.php\forum2\f-2-p-59.html
index.php\forum2\f-2-p-6.html
index.php\forum2\f-2-p-60.html
index.php\forum2\f-2-p-61.html
index.php\forum2\f-2-p-62.html
index.php\forum2\f-2-p-63.html
index.php\forum2\f-2-p-64.html
index.php\forum2\f-2-p-7.html
index.php\forum2\f-2-p-8.html
index.php\forum2\f-2-p-9.html
index.php\forum2\f-2.html
index.php\forum2\t-100.html
index.php\forum2\t-1000-p-2.html
index.php\forum2\t-1000.html
index.php\forum2\t-1001.html
index.php\forum2\t-1002.html
index.php\forum2\t-1003.html
index.php\forum2\t-1004.html
index.php\forum2\t-1005.html
index.php\forum2\t-1006.html
index.php\forum2\t-1007.html
index.php\forum2\t-1008.html
index.php\forum2\t-1009.html
index.php\forum2\t-101.html
index.php\forum2\t-1010.html
index.php\forum2\t-1011.html
index.php\forum2\t-1012.html
index.php\forum2\t-1013.html
index.php\forum2\t-1014.html
index.php\forum2\t-1015.html
index.php\forum2\t-1016.html
index.php\forum2\t-1017.html
index.php\forum2\t-1018.html
index.php\forum2\t-1019.html
index.php\forum2\t-102-p-2.html
index.php\forum2\t-102.html
index.php\forum2\t-1020.html
index.php\forum2\t-1021.html
index.php\forum2\t-1022.html
index.php\forum2\t-1023.html
index.php\forum2\t-1024.html
index.php\forum2\t-1025.html
index.php\forum2\t-1026.html
index.php\forum2\t-1027.html
index.php\forum2\t-1028.html
index.php\forum2\t-1029.html
index.php\forum2\t-103.html
index.php\forum2\t-1030.html
index.php\forum2\t-1031.html
index.php\forum2\t-1032.html
index.php\forum2\t-1033.html
index.php\forum2\t-1034-p-2.html
index.php\forum2\t-1034-p-3.html
index.php\forum2\t-1034.html
index.php\forum2\t-1035.html
index.php\forum2\t-1036.html
index.php\forum2\t-1037.html
index.php\forum2\t-1038-p-2.html
index.php\forum2\t-1038.html
index.php\forum2\t-1039.html
index.php\forum2\t-104.html
index.php\forum2\t-1040.html
index.php\forum2\t-1041.html
index.php\forum2\t-1042.html
index.php\forum2\t-1043.html
index.php\forum2\t-1044.html
index.php\forum2\t-1045.html
index.php\forum2\t-1046.html
index.php\forum2\t-1047.html
index.php\forum2\t-1048-p-2.html
index.php\forum2\t-1048.html
index.php\forum2\t-1049.html
index.php\forum2\t-105.html
index.php\forum2\t-1050-p-2.html
index.php\forum2\t-1050-p-3.html
index.php\forum2\t-1050-p-4.html
index.php\forum2\t-1050-p-5.html
index.php\forum2\t-1050.html
index.php\forum2\t-1051.html
index.php\forum2\t-1052.html
index.php\forum2\t-1053.html
index.php\forum2\t-1054-p-2.html
index.php\forum2\t-1054-p-3.html
index.php\forum2\t-1054.html
index.php\forum2\t-1055-p-2.html
index.php\forum2\t-1055.html
index.php\forum2\t-1056.html
index.php\forum2\t-1057.html
index.php\forum2\t-1058.html
index.php\forum2\t-1059.html
index.php\forum2\t-106.html
index.php\forum2\t-1060.html
index.php\forum2\t-1061.html
index.php\forum2\t-1062.html
index.php\forum2\t-1063.html
index.php\forum2\t-1064.html
index.php\forum2\t-1065-p-2.html
index.php\forum2\t-1065-p-3.html
index.php\forum2\t-1065.html
index.php\forum2\t-1066.html
index.php\forum2\t-1067.html
index.php\forum2\t-1068.html
index.php\forum2\t-1069.html
index.php\forum2\t-107.html
index.php\forum2\t-1070.html
index.php\forum2\t-1071.html
index.php\forum2\t-1072.html
index.php\forum2\t-1073.html
index.php\forum2\t-1074.html
index.php\forum2\t-1075.html
index.php\forum2\t-1076-p-2.html
index.php\forum2\t-1076-p-3.html
index.php\forum2\t-1076-p-4.html
index.php\forum2\t-1076-p-5.html
index.php\forum2\t-1076-p-6.html
index.php\forum2\t-1076-p-7.html
index.php\forum2\t-1076-p-8.html
index.php\forum2\t-1076.html
index.php\forum2\t-1077-p-2.html
index.php\forum2\t-1077-p-3.html
index.php\forum2\t-1077-p-4.html
index.php\forum2\t-1077.html
index.php\forum2\t-1078.html
index.php\forum2\t-1079.html
index.php\forum2\t-108.html
index.php\forum2\t-1080.html
index.php\forum2\t-1081.html
index.php\forum2\t-1082.html
index.php\forum2\t-1083.html
index.php\forum2\t-1084.html
index.php\forum2\t-1085.html
index.php\forum2\t-1086.html
index.php\forum2\t-1087-p-2.html
index.php\forum2\t-1087-p-3.html
index.php\forum2\t-1087-p-4.html
index.php\forum2\t-1087.html
index.php\forum2\t-1088.html
index.php\forum2\t-1089-p-2.html
index.php\forum2\t-1089-p-3.html
index.php\forum2\t-1089-p-4.html
index.php\forum2\t-1089-p-5.html
index.php\forum2\t-1089-p-6.html
index.php\forum2\t-1089-p-7.html
index.php\forum2\t-1089-p-8.html
index.php\forum2\t-1089-p-9.html
index.php\forum2\t-1089.html
index.php\forum2\t-109.html
index.php\forum2\t-1090-p-2.html
index.php\forum2\t-1090.html
index.php\forum2\t-1091.html
index.php\forum2\t-1092.html
index.php\forum2\t-1093.html
index.php\forum2\t-1094.html
index.php\forum2\t-1095-p-2.html
index.php\forum2\t-1095-p-3.html
index.php\forum2\t-1095-p-4.html
index.php\forum2\t-1095-p-5.html
index.php\forum2\t-1095-p-6.html
index.php\forum2\t-1095.html
index.php\forum2\t-1096.html
index.php\forum2\t-1097.html
index.php\forum2\t-1098.html
index.php\forum2\t-1099.html
index.php\forum2\t-110.html
index.php\forum2\t-1100.html
index.php\forum2\t-1101-p-2.html
index.php\forum2\t-1101.html
index.php\forum2\t-1102-p-2.html
index.php\forum2\t-1102-p-3.html
index.php\forum2\t-1102-p-4.html
index.php\forum2\t-1102-p-5.html
index.php\forum2\t-1102-p-6.html
index.php\forum2\t-1102.html
index.php\forum2\t-1103.html
index.php\forum2\t-1104-p-2.html
index.php\forum2\t-1104-p-3.html
index.php\forum2\t-1104-p-4.html
index.php\forum2\t-1104-p-5.html
index.php\forum2\t-1104-p-6.html
index.php\forum2\t-1104.html
index.php\forum2\t-1105-p-2.html
index.php\forum2\t-1105-p-3.html
index.php\forum2\t-1105-p-4.html
index.php\forum2\t-1105-p-5.html
index.php\forum2\t-1105.html
index.php\forum2\t-1106.html
index.php\forum2\t-1107.html
index.php\forum2\t-1108.html
index.php\forum2\t-1109.html
index.php\forum2\t-111.html
index.php\forum2\t-1110.html
index.php\forum2\t-1111.html
index.php\forum2\t-1112.html
index.php\forum2\t-1113.html
index.php\forum2\t-1114.html
index.php\forum2\t-1115.html
index.php\forum2\t-1116.html
index.php\forum2\t-1117-p-2.html
index.php\forum2\t-1117-p-3.html
index.php\forum2\t-1117.html
index.php\forum2\t-1118.html
index.php\forum2\t-1119-p-2.html
index.php\forum2\t-1119.html
index.php\forum2\t-112.html
index.php\forum2\t-1120.html
index.php\forum2\t-1121.html
index.php\forum2\t-1122.html
index.php\forum2\t-1123.html
index.php\forum2\t-1124.html
index.php\forum2\t-1125.html
index.php\forum2\t-1126.html
index.php\forum2\t-1127.html
index.php\forum2\t-1128.html
index.php\forum2\t-1129.html
index.php\forum2\t-113.html
index.php\forum2\t-1130.html
index.php\forum2\t-1131.html
index.php\forum2\t-1132.html
index.php\forum2\t-1133.html
index.php\forum2\t-1134.html
index.php\forum2\t-1135.html
index.php\forum2\t-1136.html
index.php\forum2\t-1137.html
index.php\forum2\t-1138.html
index.php\forum2\t-1139.html
index.php\forum2\t-114.html
index.php\forum2\t-1140.html
index.php\forum2\t-1141.html
index.php\forum2\t-1142.html
index.php\forum2\t-1143.html
index.php\forum2\t-1144.html
index.php\forum2\t-1145.html
index.php\forum2\t-1146.html
index.php\forum2\t-1147.html
index.php\forum2\t-1148.html
index.php\forum2\t-1149.html
index.php\forum2\t-115.html
index.php\forum2\t-1150.html
index.php\forum2\t-1151-p-2.html
index.php\forum2\t-1151.html
index.php\forum2\t-1152.html
index.php\forum2\t-1153.html
index.php\forum2\t-1154.html
index.php\forum2\t-1155-p-2.html
index.php\forum2\t-1155-p-3.html
index.php\forum2\t-1155-p-4.html
index.php\forum2\t-1155-p-5.html
index.php\forum2\t-1155-p-6.html
index.php\forum2\t-1155-p-7.html
index.php\forum2\t-1155-p-8.html
index.php\forum2\t-1155.html
index.php\forum2\t-1156.html
index.php\forum2\t-1157.html
index.php\forum2\t-1158.html
index.php\forum2\t-1159-p-2.html
index.php\forum2\t-1159.html
index.php\forum2\t-116.html
index.php\forum2\t-1160.html
index.php\forum2\t-1161.html
index.php\forum2\t-1162.html
index.php\forum2\t-1163.html
index.php\forum2\t-1164.html
index.php\forum2\t-1165.html
index.php\forum2\t-1166.html
index.php\forum2\t-1167.html
index.php\forum2\t-1168.html
index.php\forum2\t-1169.html
index.php\forum2\t-117.html
index.php\forum2\t-1170.html
index.php\forum2\t-1171.html
index.php\forum2\t-1172.html
index.php\forum2\t-1173.html
index.php\forum2\t-1174.html
index.php\forum2\t-1175.html
index.php\forum2\t-1176.html
index.php\forum2\t-1177.html
index.php\forum2\t-1178.html
index.php\forum2\t-1179.html
index.php\forum2\t-118.html
index.php\forum2\t-1180.html
index.php\forum2\t-1181.html
index.php\forum2\t-1182.html
index.php\forum2\t-1183.html
index.php\forum2\t-1184.html
index.php\forum2\t-1185.html
index.php\forum2\t-1186.html
index.php\forum2\t-1187.html
index.php\forum2\t-1188.html
index.php\forum2\t-1189.html
index.php\forum2\t-119.html
index.php\forum2\t-1190.html
index.php\forum2\t-1191.html
index.php\forum2\t-1192.html
index.php\forum2\t-1193-p-2.html
index.php\forum2\t-1193.html
index.php\forum2\t-1194.html
index.php\forum2\t-1195.html
index.php\forum2\t-1196.html
index.php\forum2\t-1197.html
index.php\forum2\t-1198.html
index.php\forum2\t-1199.html
index.php\forum2\t-120.html
index.php\forum2\t-1200.html
index.php\forum2\t-1201.html
index.php\forum2\t-1202.html
index.php\forum2\t-1203.html
index.php\forum2\t-1204.html
index.php\forum2\t-1205.html
index.php\forum2\t-1206.html
index.php\forum2\t-1207.html
index.php\forum2\t-1208.html
index.php\forum2\t-1209.html
index.php\forum2\t-121.html
index.php\forum2\t-1210.html
index.php\forum2\t-1211.html
index.php\forum2\t-1212.html
index.php\forum2\t-1213.html
index.php\forum2\t-1214.html
index.php\forum2\t-1215.html
index.php\forum2\t-1216.html
index.php\forum2\t-1217.html
index.php\forum2\t-1218.html
index.php\forum2\t-1219.html
index.php\forum2\t-122.html
index.php\forum2\t-1220.html
index.php\forum2\t-1221.html
index.php\forum2\t-1222.html
index.php\forum2\t-1223.html
index.php\forum2\t-1224.html
index.php\forum2\t-1225-p-2.html
index.php\forum2\t-1225.html
index.php\forum2\t-1226.html
index.php\forum2\t-1227.html
index.php\forum2\t-1228.html
index.php\forum2\t-1229.html
index.php\forum2\t-123.html
index.php\forum2\t-1230.html
index.php\forum2\t-1231.html
index.php\forum2\t-1232.html
index.php\forum2\t-1233.html
index.php\forum2\t-1234.html
index.php\forum2\t-1235.html
index.php\forum2\t-1236.html
index.php\forum2\t-1237.html
index.php\forum2\t-1238.html
index.php\forum2\t-1239.html
index.php\forum2\t-124.html
index.php\forum2\t-1240.html
index.php\forum2\t-1241.html
index.php\forum2\t-1242-p-2.html
index.php\forum2\t-1242-p-3.html
index.php\forum2\t-1242-p-4.html
index.php\forum2\t-1242-p-5.html
index.php\forum2\t-1242-p-6.html
index.php\forum2\t-1242-p-7.html
index.php\forum2\t-1242-p-8.html
index.php\forum2\t-1242.html
index.php\forum2\t-1243.html
index.php\forum2\t-1244.html
index.php\forum2\t-1245.html
index.php\forum2\t-1246.html
index.php\forum2\t-1247.html
index.php\forum2\t-1248.html
index.php\forum2\t-1249.html
index.php\forum2\t-125.html
index.php\forum2\t-1250-p-2.html
index.php\forum2\t-1250.html
index.php\forum2\t-1251.html
index.php\forum2\t-1252.html
index.php\forum2\t-1253.html
index.php\forum2\t-1254.html
index.php\forum2\t-1255.html
index.php\forum2\t-1256.html
index.php\forum2\t-1257.html
index.php\forum2\t-1258.html
index.php\forum2\t-1259.html
index.php\forum2\t-126.html
index.php\forum2\t-1260.html
index.php\forum2\t-1261-p-2.html
index.php\forum2\t-1261.html
index.php\forum2\t-1262.html
index.php\forum2\t-1263.html
index.php\forum2\t-1264.html
index.php\forum2\t-1265.html
index.php\forum2\t-1266-p-2.html
index.php\forum2\t-1266.html
index.php\forum2\t-1267-p-2.html
index.php\forum2\t-1267.html
index.php\forum2\t-1268.html
index.php\forum2\t-1269.html
index.php\forum2\t-127.html
index.php\forum2\t-1270.html
index.php\forum2\t-1271.html
index.php\forum2\t-1272.html
index.php\forum2\t-1273.html
index.php\forum2\t-1274-p-2.html
index.php\forum2\t-1274.html
index.php\forum2\t-1275.html
index.php\forum2\t-1276.html
index.php\forum2\t-1277.html
index.php\forum2\t-1278-p-2.html
index.php\forum2\t-1278-p-3.html
index.php\forum2\t-1278-p-4.html
index.php\forum2\t-1278-p-5.html
index.php\forum2\t-1278.html
index.php\forum2\t-1279.html
index.php\forum2\t-128.html
index.php\forum2\t-1280.html
index.php\forum2\t-1281.html
index.php\forum2\t-1282.html
index.php\forum2\t-1283.html
index.php\forum2\t-1284.html
index.php\forum2\t-1285.html
index.php\forum2\t-1286.html
index.php\forum2\t-1287.html
index.php\forum2\t-1288.html
index.php\forum2\t-1289.html
index.php\forum2\t-129.html
index.php\forum2\t-1290.html
index.php\forum2\t-1291.html
index.php\forum2\t-1292-p-2.html
index.php\forum2\t-1292.html
index.php\forum2\t-1293-p-2.html
index.php\forum2\t-1293.html
index.php\forum2\t-1294.html
index.php\forum2\t-1295.html
index.php\forum2\t-1296-p-2.html
index.php\forum2\t-1296.html
index.php\forum2\t-1297.html
index.php\forum2\t-1298.html
index.php\forum2\t-1299.html
index.php\forum2\t-130.html
index.php\forum2\t-1300.html
index.php\forum2\t-1303.html
index.php\forum2\t-1304.html
index.php\forum2\t-1305-p-2.html
index.php\forum2\t-1305.html
index.php\forum2\t-1306.html
index.php\forum2\t-1307.html
index.php\forum2\t-1308.html
index.php\forum2\t-131.html
index.php\forum2\t-1311.html
index.php\forum2\t-1312.html
index.php\forum2\t-132.html
index.php\forum2\t-133.html
index.php\forum2\t-134.html
index.php\forum2\t-135.html
index.php\forum2\t-1351.html
index.php\forum2\t-1352.html
index.php\forum2\t-1354.html
index.php\forum2\t-1356.html
index.php\forum2\t-1357.html
index.php\forum2\t-136-p-2.html
index.php\forum2\t-136.html
index.php\forum2\t-137.html
index.php\forum2\t-138.html
index.php\forum2\t-139.html
index.php\forum2\t-14.html
index.php\forum2\t-140.html
index.php\forum2\t-141.html
index.php\forum2\t-142.html
index.php\forum2\t-143.html
index.php\forum2\t-144.html
index.php\forum2\t-145.html
index.php\forum2\t-146.html
index.php\forum2\t-147-p-2.html
index.php\forum2\t-147.html
index.php\forum2\t-148.html
index.php\forum2\t-149.html
index.php\forum2\t-15.html
index.php\forum2\t-150.html
index.php\forum2\t-151.html
index.php\forum2\t-152.html
index.php\forum2\t-153.html
index.php\forum2\t-154-p-2.html
index.php\forum2\t-154.html
index.php\forum2\t-155.html
index.php\forum2\t-156.html
index.php\forum2\t-157.html
index.php\forum2\t-158.html
index.php\forum2\t-159.html
index.php\forum2\t-16.html
index.php\forum2\t-160.html
index.php\forum2\t-161.html
index.php\forum2\t-162.html
index.php\forum2\t-163.html
index.php\forum2\t-164.html
index.php\forum2\t-165.html
index.php\forum2\t-166.html
index.php\forum2\t-167.html
index.php\forum2\t-168.html
index.php\forum2\t-169.html
index.php\forum2\t-17.html
index.php\forum2\t-170.html
index.php\forum2\t-171.html
index.php\forum2\t-172.html
index.php\forum2\t-173.html
index.php\forum2\t-174.html
index.php\forum2\t-175.html
index.php\forum2\t-176.html
index.php\forum2\t-177.html
index.php\forum2\t-178.html
index.php\forum2\t-179.html
index.php\forum2\t-18.html
index.php\forum2\t-180.html
index.php\forum2\t-181.html
index.php\forum2\t-182.html
index.php\forum2\t-183.html
index.php\forum2\t-184.html
index.php\forum2\t-185.html
index.php\forum2\t-186.html
index.php\forum2\t-187.html
index.php\forum2\t-188.html
index.php\forum2\t-189.html
index.php\forum2\t-19.html
index.php\forum2\t-190.html
index.php\forum2\t-191.html
index.php\forum2\t-192.html
index.php\forum2\t-193.html
index.php\forum2\t-194.html
index.php\forum2\t-195.html
index.php\forum2\t-196.html
index.php\forum2\t-197.html
index.php\forum2\t-198.html
index.php\forum2\t-199-p-2.html
index.php\forum2\t-199-p-3.html
index.php\forum2\t-199.html
index.php\forum2\t-20.html
index.php\forum2\t-200.html
index.php\forum2\t-201.html
index.php\forum2\t-202.html
index.php\forum2\t-203.html
index.php\forum2\t-204.html
index.php\forum2\t-205.html
index.php\forum2\t-206.html
index.php\forum2\t-207.html
index.php\forum2\t-208.html
index.php\forum2\t-209.html
index.php\forum2\t-21.html
index.php\forum2\t-210.html
index.php\forum2\t-211.html
index.php\forum2\t-212.html
index.php\forum2\t-213.html
index.php\forum2\t-214.html
index.php\forum2\t-215.html
index.php\forum2\t-216-p-2.html
index.php\forum2\t-216.html
index.php\forum2\t-217.html
index.php\forum2\t-218-p-2.html
index.php\forum2\t-218.html
index.php\forum2\t-219.html
index.php\forum2\t-22.html
index.php\forum2\t-220.html
index.php\forum2\t-221.html
index.php\forum2\t-222.html
index.php\forum2\t-223.html
index.php\forum2\t-224.html
index.php\forum2\t-225.html
index.php\forum2\t-226.html
index.php\forum2\t-227.html
index.php\forum2\t-228.html
index.php\forum2\t-229.html
index.php\forum2\t-23.html
index.php\forum2\t-230-p-2.html
index.php\forum2\t-230.html
index.php\forum2\t-231.html
index.php\forum2\t-232.html
index.php\forum2\t-233.html
index.php\forum2\t-234.html
index.php\forum2\t-235.html
index.php\forum2\t-236.html
index.php\forum2\t-237.html
index.php\forum2\t-238.html
index.php\forum2\t-239.html
index.php\forum2\t-24.html
index.php\forum2\t-240.html
index.php\forum2\t-241.html
index.php\forum2\t-242.html
index.php\forum2\t-243.html
index.php\forum2\t-244.html
index.php\forum2\t-245.html
index.php\forum2\t-246.html
index.php\forum2\t-247.html
index.php\forum2\t-248.html
index.php\forum2\t-249.html
index.php\forum2\t-25.html
index.php\forum2\t-250.html
index.php\forum2\t-251.html
index.php\forum2\t-252.html
index.php\forum2\t-253.html
index.php\forum2\t-254.html
index.php\forum2\t-255.html
index.php\forum2\t-256.html
index.php\forum2\t-257.html
index.php\forum2\t-258.html
index.php\forum2\t-259.html
index.php\forum2\t-26.html
index.php\forum2\t-260.html
index.php\forum2\t-261.html
index.php\forum2\t-262.html
index.php\forum2\t-263.html
index.php\forum2\t-264.html
index.php\forum2\t-265.html
index.php\forum2\t-266.html
index.php\forum2\t-267.html
index.php\forum2\t-268.html
index.php\forum2\t-269.html
index.php\forum2\t-27.html
index.php\forum2\t-270.html
index.php\forum2\t-271-p-2.html
index.php\forum2\t-271.html
index.php\forum2\t-272.html
index.php\forum2\t-273.html
index.php\forum2\t-274.html
index.php\forum2\t-275.html
index.php\forum2\t-276.html
index.php\forum2\t-277-p-2.html
index.php\forum2\t-277-p-3.html
index.php\forum2\t-277.html
index.php\forum2\t-278.html
index.php\forum2\t-279.html
index.php\forum2\t-28.html
index.php\forum2\t-280.html
index.php\forum2\t-281.html
index.php\forum2\t-282.html
index.php\forum2\t-283.html
index.php\forum2\t-284.html
index.php\forum2\t-285.html
index.php\forum2\t-286.html
index.php\forum2\t-287.html
index.php\forum2\t-288.html
index.php\forum2\t-289.html
index.php\forum2\t-29.html
index.php\forum2\t-290.html
index.php\forum2\t-291.html
index.php\forum2\t-292.html
index.php\forum2\t-293-p-2.html
index.php\forum2\t-293-p-3.html
index.php\forum2\t-293.html
index.php\forum2\t-294.html
index.php\forum2\t-295.html
index.php\forum2\t-296.html
index.php\forum2\t-297.html
index.php\forum2\t-298.html
index.php\forum2\t-299.html
index.php\forum2\t-30.html
index.php\forum2\t-300.html
index.php\forum2\t-301.html
index.php\forum2\t-302.html
index.php\forum2\t-303.html
index.php\forum2\t-304.html
index.php\forum2\t-305.html
index.php\forum2\t-306.html
index.php\forum2\t-307.html
index.php\forum2\t-308-p-10.html
index.php\forum2\t-308-p-11.html
index.php\forum2\t-308-p-12.html
index.php\forum2\t-308-p-2.html
index.php\forum2\t-308-p-3.html
index.php\forum2\t-308-p-4.html
index.php\forum2\t-308-p-5.html
index.php\forum2\t-308-p-6.html
index.php\forum2\t-308-p-7.html
index.php\forum2\t-308-p-8.html
index.php\forum2\t-308-p-9.html
index.php\forum2\t-308.html
index.php\forum2\t-309.html
index.php\forum2\t-31.html
index.php\forum2\t-310.html
index.php\forum2\t-311.html
index.php\forum2\t-312-p-2.html
index.php\forum2\t-312.html
index.php\forum2\t-313.html
index.php\forum2\t-314.html
index.php\forum2\t-315.html
index.php\forum2\t-316.html
index.php\forum2\t-317.html
index.php\forum2\t-318.html
index.php\forum2\t-319.html
index.php\forum2\t-32.html
index.php\forum2\t-320.html
index.php\forum2\t-321.html
index.php\forum2\t-322.html
index.php\forum2\t-323.html
index.php\forum2\t-324.html
index.php\forum2\t-325.html
index.php\forum2\t-326.html
index.php\forum2\t-327.html
index.php\forum2\t-328.html
index.php\forum2\t-329.html
index.php\forum2\t-33.html
index.php\forum2\t-330-p-2.html
index.php\forum2\t-330.html
index.php\forum2\t-331.html
index.php\forum2\t-332.html
index.php\forum2\t-333.html
index.php\forum2\t-334.html
index.php\forum2\t-335.html
index.php\forum2\t-336.html
index.php\forum2\t-337.html
index.php\forum2\t-338.html
index.php\forum2\t-339.html
index.php\forum2\t-34.html
index.php\forum2\t-340.html
index.php\forum2\t-341.html
index.php\forum2\t-342.html
index.php\forum2\t-343.html
index.php\forum2\t-344.html
index.php\forum2\t-345.html
index.php\forum2\t-346.html
index.php\forum2\t-347.html
index.php\forum2\t-348.html
index.php\forum2\t-349.html
index.php\forum2\t-35.html
index.php\forum2\t-350.html
index.php\forum2\t-351.html
index.php\forum2\t-352.html
index.php\forum2\t-353.html
index.php\forum2\t-354.html
index.php\forum2\t-355.html
index.php\forum2\t-356.html
index.php\forum2\t-357.html
index.php\forum2\t-358.html
index.php\forum2\t-359.html
index.php\forum2\t-36.html
index.php\forum2\t-360.html
index.php\forum2\t-361.html
index.php\forum2\t-362.html
index.php\forum2\t-363.html
index.php\forum2\t-364.html
index.php\forum2\t-365.html
index.php\forum2\t-366.html
index.php\forum2\t-367.html
index.php\forum2\t-368.html
index.php\forum2\t-369.html
index.php\forum2\t-37.html
index.php\forum2\t-370.html
index.php\forum2\t-371.html
index.php\forum2\t-372.html
index.php\forum2\t-373.html
index.php\forum2\t-374.html
index.php\forum2\t-375.html
index.php\forum2\t-376.html
index.php\forum2\t-377.html
index.php\forum2\t-378.html
index.php\forum2\t-379.html
index.php\forum2\t-38.html
index.php\forum2\t-380.html
index.php\forum2\t-381.html
index.php\forum2\t-382.html
index.php\forum2\t-383.html
index.php\forum2\t-384.html
index.php\forum2\t-385.html
index.php\forum2\t-386.html
index.php\forum2\t-387.html
index.php\forum2\t-388.html
index.php\forum2\t-389.html
index.php\forum2\t-39.html
index.php\forum2\t-390.html
index.php\forum2\t-391.html
index.php\forum2\t-392.html
index.php\forum2\t-393.html
index.php\forum2\t-394.html
index.php\forum2\t-395.html
index.php\forum2\t-396.html
index.php\forum2\t-397.html
index.php\forum2\t-398.html
index.php\forum2\t-399.html
index.php\forum2\t-40.html
index.php\forum2\t-400.html
index.php\forum2\t-401.html
index.php\forum2\t-402.html
index.php\forum2\t-403.html
index.php\forum2\t-404.html
index.php\forum2\t-405.html
index.php\forum2\t-406.html
index.php\forum2\t-407.html
index.php\forum2\t-408.html
index.php\forum2\t-409.html
index.php\forum2\t-41-p-2.html
index.php\forum2\t-41.html
index.php\forum2\t-410.html
index.php\forum2\t-411.html
index.php\forum2\t-412.html
index.php\forum2\t-413.html
index.php\forum2\t-414.html
index.php\forum2\t-415.html
index.php\forum2\t-416.html
index.php\forum2\t-417.html
index.php\forum2\t-418.html
index.php\forum2\t-419.html
index.php\forum2\t-42.html
index.php\forum2\t-420.html
index.php\forum2\t-421.html
index.php\forum2\t-422.html
index.php\forum2\t-423.html
index.php\forum2\t-424.html
index.php\forum2\t-425.html
index.php\forum2\t-426.html
index.php\forum2\t-427.html
index.php\forum2\t-428-p-2.html
index.php\forum2\t-428.html
index.php\forum2\t-429.html
index.php\forum2\t-43.html
index.php\forum2\t-430.html
index.php\forum2\t-431.html
index.php\forum2\t-432.html
index.php\forum2\t-433.html
index.php\forum2\t-434.html
index.php\forum2\t-435.html
index.php\forum2\t-436.html
index.php\forum2\t-437.html
index.php\forum2\t-438.html
index.php\forum2\t-439.html
index.php\forum2\t-44.html
index.php\forum2\t-440.html
index.php\forum2\t-441.html
index.php\forum2\t-442.html
index.php\forum2\t-443.html
index.php\forum2\t-444.html
index.php\forum2\t-445.html
index.php\forum2\t-446.html
index.php\forum2\t-447.html
index.php\forum2\t-448.html
index.php\forum2\t-449.html
index.php\forum2\t-45.html
index.php\forum2\t-450.html
index.php\forum2\t-451.html
index.php\forum2\t-452.html
index.php\forum2\t-453.html
index.php\forum2\t-454.html
index.php\forum2\t-455.html
index.php\forum2\t-456.html
index.php\forum2\t-457.html
index.php\forum2\t-458.html
index.php\forum2\t-459.html
index.php\forum2\t-46.html
index.php\forum2\t-460.html
index.php\forum2\t-461.html
index.php\forum2\t-462.html
index.php\forum2\t-463.html
index.php\forum2\t-464.html
index.php\forum2\t-465.html
index.php\forum2\t-466-p-2.html
index.php\forum2\t-466.html
index.php\forum2\t-467.html
index.php\forum2\t-468.html
index.php\forum2\t-469.html
index.php\forum2\t-47.html
index.php\forum2\t-470.html
index.php\forum2\t-471.html
index.php\forum2\t-472.html
index.php\forum2\t-473.html
index.php\forum2\t-474.html
index.php\forum2\t-475.html
index.php\forum2\t-476.html
index.php\forum2\t-477.html
index.php\forum2\t-478.html
index.php\forum2\t-479.html
index.php\forum2\t-48.html
index.php\forum2\t-480.html
index.php\forum2\t-481.html
index.php\forum2\t-482.html
index.php\forum2\t-483.html
index.php\forum2\t-484.html
index.php\forum2\t-485.html
index.php\forum2\t-486.html
index.php\forum2\t-487.html
index.php\forum2\t-488.html
index.php\forum2\t-489.html
index.php\forum2\t-49.html
index.php\forum2\t-490.html
index.php\forum2\t-491.html
index.php\forum2\t-492.html
index.php\forum2\t-493.html
index.php\forum2\t-494.html
index.php\forum2\t-495.html
index.php\forum2\t-496.html
index.php\forum2\t-497.html
index.php\forum2\t-498.html
index.php\forum2\t-499.html
index.php\forum2\t-50.html
index.php\forum2\t-500.html
index.php\forum2\t-501.html
index.php\forum2\t-502.html
index.php\forum2\t-503.html
index.php\forum2\t-504.html
index.php\forum2\t-505.html
index.php\forum2\t-506.html
index.php\forum2\t-507.html
index.php\forum2\t-508.html
index.php\forum2\t-509.html
index.php\forum2\t-51.html
index.php\forum2\t-510.html
index.php\forum2\t-511.html
index.php\forum2\t-512.html
index.php\forum2\t-513.html
index.php\forum2\t-514.html
index.php\forum2\t-515.html
index.php\forum2\t-516.html
index.php\forum2\t-517.html
index.php\forum2\t-518.html
index.php\forum2\t-519.html
index.php\forum2\t-52.html
index.php\forum2\t-520.html
index.php\forum2\t-521.html
index.php\forum2\t-522.html
index.php\forum2\t-523.html
index.php\forum2\t-524.html
index.php\forum2\t-525.html
index.php\forum2\t-526.html
index.php\forum2\t-527.html
index.php\forum2\t-528.html
index.php\forum2\t-529.html
index.php\forum2\t-53.html
index.php\forum2\t-530.html
index.php\forum2\t-531.html
index.php\forum2\t-532.html
index.php\forum2\t-533.html
index.php\forum2\t-534.html
index.php\forum2\t-535.html
index.php\forum2\t-536.html
index.php\forum2\t-537.html
index.php\forum2\t-538.html
index.php\forum2\t-539.html
index.php\forum2\t-54.html
index.php\forum2\t-540.html
index.php\forum2\t-541.html
index.php\forum2\t-542.html
index.php\forum2\t-543.html
index.php\forum2\t-544.html
index.php\forum2\t-545.html
index.php\forum2\t-546.html
index.php\forum2\t-547.html
index.php\forum2\t-548.html
index.php\forum2\t-549.html
index.php\forum2\t-55.html
index.php\forum2\t-550.html
index.php\forum2\t-551.html
index.php\forum2\t-552.html
index.php\forum2\t-553.html
index.php\forum2\t-554.html
index.php\forum2\t-555.html
index.php\forum2\t-556.html
index.php\forum2\t-557.html
index.php\forum2\t-558.html
index.php\forum2\t-559.html
index.php\forum2\t-56.html
index.php\forum2\t-560.html
index.php\forum2\t-561.html
index.php\forum2\t-562.html
index.php\forum2\t-563.html
index.php\forum2\t-564.html
index.php\forum2\t-565.html
index.php\forum2\t-566.html
index.php\forum2\t-567.html
index.php\forum2\t-568.html
index.php\forum2\t-569.html
index.php\forum2\t-57.html
index.php\forum2\t-570.html
index.php\forum2\t-571.html
index.php\forum2\t-572.html
index.php\forum2\t-573.html
index.php\forum2\t-574.html
index.php\forum2\t-575.html
index.php\forum2\t-576.html
index.php\forum2\t-577.html
index.php\forum2\t-578.html
index.php\forum2\t-579.html
index.php\forum2\t-58.html
index.php\forum2\t-580.html
index.php\forum2\t-581.html
index.php\forum2\t-582.html
index.php\forum2\t-583.html
index.php\forum2\t-584.html
index.php\forum2\t-585.html
index.php\forum2\t-586.html
index.php\forum2\t-587.html
index.php\forum2\t-588.html
index.php\forum2\t-589.html
index.php\forum2\t-59.html
index.php\forum2\t-590.html
index.php\forum2\t-591.html
index.php\forum2\t-592.html
index.php\forum2\t-593.html
index.php\forum2\t-594.html
index.php\forum2\t-595.html
index.php\forum2\t-596.html
index.php\forum2\t-597.html
index.php\forum2\t-598.html
index.php\forum2\t-599.html
index.php\forum2\t-60.html
index.php\forum2\t-600.html
index.php\forum2\t-601.html
index.php\forum2\t-602.html
index.php\forum2\t-603.html
index.php\forum2\t-604.html
index.php\forum2\t-605.html
index.php\forum2\t-606-p-2.html
index.php\forum2\t-606.html
index.php\forum2\t-607.html
index.php\forum2\t-608.html
index.php\forum2\t-609.html
index.php\forum2\t-61.html
index.php\forum2\t-610.html
index.php\forum2\t-611.html
index.php\forum2\t-612.html
index.php\forum2\t-613.html
index.php\forum2\t-614.html
index.php\forum2\t-615.html
index.php\forum2\t-616.html
index.php\forum2\t-617.html
index.php\forum2\t-618.html
index.php\forum2\t-619.html
index.php\forum2\t-62.html
index.php\forum2\t-620.html
index.php\forum2\t-621.html
index.php\forum2\t-622.html
index.php\forum2\t-623.html
index.php\forum2\t-624.html
index.php\forum2\t-625.html
index.php\forum2\t-626.html
index.php\forum2\t-627.html
index.php\forum2\t-628.html
index.php\forum2\t-629.html
index.php\forum2\t-63.html
index.php\forum2\t-630.html
index.php\forum2\t-631.html
index.php\forum2\t-632.html
index.php\forum2\t-633.html
index.php\forum2\t-634.html
index.php\forum2\t-635.html
index.php\forum2\t-636.html
index.php\forum2\t-637.html
index.php\forum2\t-638.html
index.php\forum2\t-639.html
index.php\forum2\t-64.html
index.php\forum2\t-640.html
index.php\forum2\t-641-p-2.html
index.php\forum2\t-641-p-3.html
index.php\forum2\t-641-p-4.html
index.php\forum2\t-641-p-5.html
index.php\forum2\t-641-p-6.html
index.php\forum2\t-641-p-7.html
index.php\forum2\t-641.html
index.php\forum2\t-642.html
index.php\forum2\t-643.html
index.php\forum2\t-644.html
index.php\forum2\t-645.html
index.php\forum2\t-646.html
index.php\forum2\t-647.html
index.php\forum2\t-648.html
index.php\forum2\t-649.html
index.php\forum2\t-65.html
index.php\forum2\t-650.html
index.php\forum2\t-651.html
index.php\forum2\t-652.html
index.php\forum2\t-653.html
index.php\forum2\t-654.html
index.php\forum2\t-655.html
index.php\forum2\t-656.html
index.php\forum2\t-657.html
index.php\forum2\t-658.html
index.php\forum2\t-659.html
index.php\forum2\t-66.html
index.php\forum2\t-660.html
index.php\forum2\t-661.html
index.php\forum2\t-662.html
index.php\forum2\t-663.html
index.php\forum2\t-664.html
index.php\forum2\t-665.html
index.php\forum2\t-666.html
index.php\forum2\t-667.html
index.php\forum2\t-668.html
index.php\forum2\t-669.html
index.php\forum2\t-67.html
index.php\forum2\t-670.html
index.php\forum2\t-671.html
index.php\forum2\t-672.html
index.php\forum2\t-673.html
index.php\forum2\t-674.html
index.php\forum2\t-675.html
index.php\forum2\t-676.html
index.php\forum2\t-677.html
index.php\forum2\t-678.html
index.php\forum2\t-679.html
index.php\forum2\t-68.html
index.php\forum2\t-680.html
index.php\forum2\t-681.html
index.php\forum2\t-682.html
index.php\forum2\t-683.html
index.php\forum2\t-685-p-10.html
index.php\forum2\t-685-p-11.html
index.php\forum2\t-685-p-12.html
index.php\forum2\t-685-p-2.html
index.php\forum2\t-685-p-3.html
index.php\forum2\t-685-p-4.html
index.php\forum2\t-685-p-5.html
index.php\forum2\t-685-p-6.html
index.php\forum2\t-685-p-7.html
index.php\forum2\t-685-p-8.html
index.php\forum2\t-685-p-9.html
index.php\forum2\t-685.html
index.php\forum2\t-687.html
index.php\forum2\t-688.html
index.php\forum2\t-689.html
index.php\forum2\t-69.html
index.php\forum2\t-690-p-2.html
index.php\forum2\t-690-p-3.html
index.php\forum2\t-690.html
index.php\forum2\t-691.html
index.php\forum2\t-692.html
index.php\forum2\t-693-p-2.html
index.php\forum2\t-693-p-3.html
index.php\forum2\t-693.html
index.php\forum2\t-694.html
index.php\forum2\t-695.html
index.php\forum2\t-696.html
index.php\forum2\t-697.html
index.php\forum2\t-698.html
index.php\forum2\t-699.html
index.php\forum2\t-70.html
index.php\forum2\t-700.html
index.php\forum2\t-701.html
index.php\forum2\t-702.html
index.php\forum2\t-703.html
index.php\forum2\t-704.html
index.php\forum2\t-71.html
index.php\forum2\t-72.html
index.php\forum2\t-721.html
index.php\forum2\t-722.html
index.php\forum2\t-723-p-2.html
index.php\forum2\t-723-p-3.html
index.php\forum2\t-723.html
index.php\forum2\t-724.html
index.php\forum2\t-725.html
index.php\forum2\t-726.html
index.php\forum2\t-727-p-2.html
index.php\forum2\t-727.html
index.php\forum2\t-728-p-2.html
index.php\forum2\t-728.html
index.php\forum2\t-729.html
index.php\forum2\t-73.html
index.php\forum2\t-730.html
index.php\forum2\t-731.html
index.php\forum2\t-732.html
index.php\forum2\t-733.html
index.php\forum2\t-734.html
index.php\forum2\t-735.html
index.php\forum2\t-736-p-2.html
index.php\forum2\t-736-p-3.html
index.php\forum2\t-736.html
index.php\forum2\t-737-p-2.html
index.php\forum2\t-737.html
index.php\forum2\t-738.html
index.php\forum2\t-739.html
index.php\forum2\t-74.html
index.php\forum2\t-740.html
index.php\forum2\t-741.html
index.php\forum2\t-742.html
index.php\forum2\t-743.html
index.php\forum2\t-744.html
index.php\forum2\t-745-p-2.html
index.php\forum2\t-745.html
index.php\forum2\t-746.html
index.php\forum2\t-747.html
index.php\forum2\t-748.html
index.php\forum2\t-749-p-2.html
index.php\forum2\t-749.html
index.php\forum2\t-75.html
index.php\forum2\t-750.html
index.php\forum2\t-751.html
index.php\forum2\t-752.html
index.php\forum2\t-753.html
index.php\forum2\t-754.html
index.php\forum2\t-755.html
index.php\forum2\t-756.html
index.php\forum2\t-757.html
index.php\forum2\t-758.html
index.php\forum2\t-759.html
index.php\forum2\t-76.html
index.php\forum2\t-760.html
index.php\forum2\t-761.html
index.php\forum2\t-762.html
index.php\forum2\t-763.html
index.php\forum2\t-764.html
index.php\forum2\t-765.html
index.php\forum2\t-766.html
index.php\forum2\t-767.html
index.php\forum2\t-768-p-2.html
index.php\forum2\t-768.html
index.php\forum2\t-769.html
index.php\forum2\t-77.html
index.php\forum2\t-770.html
index.php\forum2\t-771.html
index.php\forum2\t-772-p-2.html
index.php\forum2\t-772.html
index.php\forum2\t-773.html
index.php\forum2\t-774.html
index.php\forum2\t-775.html
index.php\forum2\t-776.html
index.php\forum2\t-777.html
index.php\forum2\t-778.html
index.php\forum2\t-779.html
index.php\forum2\t-78.html
index.php\forum2\t-780-p-2.html
index.php\forum2\t-780.html
index.php\forum2\t-781.html
index.php\forum2\t-782-p-2.html
index.php\forum2\t-782-p-3.html
index.php\forum2\t-782.html
index.php\forum2\t-783-p-2.html
index.php\forum2\t-783.html
index.php\forum2\t-784.html
index.php\forum2\t-785.html
index.php\forum2\t-786-p-2.html
index.php\forum2\t-786-p-3.html
index.php\forum2\t-786-p-4.html
index.php\forum2\t-786-p-5.html
index.php\forum2\t-786-p-6.html
index.php\forum2\t-786-p-7.html
index.php\forum2\t-786.html
index.php\forum2\t-787.html
index.php\forum2\t-788.html
index.php\forum2\t-789-p-2.html
index.php\forum2\t-789.html
index.php\forum2\t-79.html
index.php\forum2\t-790-p-2.html
index.php\forum2\t-790-p-3.html
index.php\forum2\t-790-p-4.html
index.php\forum2\t-790-p-5.html
index.php\forum2\t-790-p-6.html
index.php\forum2\t-790.html
index.php\forum2\t-791-p-2.html
index.php\forum2\t-791.html
index.php\forum2\t-792.html
index.php\forum2\t-793-p-2.html
index.php\forum2\t-793.html
index.php\forum2\t-794.html
index.php\forum2\t-795.html
index.php\forum2\t-796.html
index.php\forum2\t-797.html
index.php\forum2\t-798.html
index.php\forum2\t-799-p-2.html
index.php\forum2\t-799.html
index.php\forum2\t-80.html
index.php\forum2\t-800.html
index.php\forum2\t-801.html
index.php\forum2\t-802.html
index.php\forum2\t-803.html
index.php\forum2\t-804.html
index.php\forum2\t-805.html
index.php\forum2\t-806-p-2.html
index.php\forum2\t-806.html
index.php\forum2\t-807.html
index.php\forum2\t-808.html
index.php\forum2\t-809.html
index.php\forum2\t-81.html
index.php\forum2\t-810.html
index.php\forum2\t-811.html
index.php\forum2\t-812.html
index.php\forum2\t-813.html
index.php\forum2\t-814-p-2.html
index.php\forum2\t-814.html
index.php\forum2\t-815.html
index.php\forum2\t-816.html
index.php\forum2\t-817.html
index.php\forum2\t-818.html
index.php\forum2\t-819.html
index.php\forum2\t-82.html
index.php\forum2\t-820.html
index.php\forum2\t-821.html
index.php\forum2\t-822.html
index.php\forum2\t-823.html
index.php\forum2\t-824.html
index.php\forum2\t-825.html
index.php\forum2\t-826.html
index.php\forum2\t-827.html
index.php\forum2\t-828.html
index.php\forum2\t-829.html
index.php\forum2\t-83.html
index.php\forum2\t-830.html
index.php\forum2\t-831.html
index.php\forum2\t-832.html
index.php\forum2\t-833.html
index.php\forum2\t-834.html
index.php\forum2\t-835.html
index.php\forum2\t-836.html
index.php\forum2\t-837.html
index.php\forum2\t-838.html
index.php\forum2\t-839.html
index.php\forum2\t-84.html
index.php\forum2\t-840.html
index.php\forum2\t-841.html
index.php\forum2\t-842.html
index.php\forum2\t-843.html
index.php\forum2\t-844.html
index.php\forum2\t-845.html
index.php\forum2\t-846.html
index.php\forum2\t-847.html
index.php\forum2\t-848.html
index.php\forum2\t-849.html
index.php\forum2\t-85.html
index.php\forum2\t-850-p-2.html
index.php\forum2\t-850.html
index.php\forum2\t-851.html
index.php\forum2\t-852.html
index.php\forum2\t-853.html
index.php\forum2\t-854.html
index.php\forum2\t-855.html
index.php\forum2\t-856.html
index.php\forum2\t-857-p-2.html
index.php\forum2\t-857-p-3.html
index.php\forum2\t-857-p-4.html
index.php\forum2\t-857.html
index.php\forum2\t-858.html
index.php\forum2\t-859.html
index.php\forum2\t-86.html
index.php\forum2\t-860.html
index.php\forum2\t-861-p-2.html
index.php\forum2\t-861-p-3.html
index.php\forum2\t-861.html
index.php\forum2\t-862.html
index.php\forum2\t-863.html
index.php\forum2\t-864.html
index.php\forum2\t-865.html
index.php\forum2\t-866.html
index.php\forum2\t-867.html
index.php\forum2\t-868.html
index.php\forum2\t-869.html
index.php\forum2\t-87.html
index.php\forum2\t-870.html
index.php\forum2\t-871.html
index.php\forum2\t-872.html
index.php\forum2\t-873.html
index.php\forum2\t-874.html
index.php\forum2\t-875.html
index.php\forum2\t-876.html
index.php\forum2\t-877.html
index.php\forum2\t-878.html
index.php\forum2\t-879-p-2.html
index.php\forum2\t-879.html
index.php\forum2\t-88.html
index.php\forum2\t-880.html
index.php\forum2\t-881.html
index.php\forum2\t-882.html
index.php\forum2\t-883-p-2.html
index.php\forum2\t-883-p-3.html
index.php\forum2\t-883-p-4.html
index.php\forum2\t-883-p-5.html
index.php\forum2\t-883.html
index.php\forum2\t-884.html
index.php\forum2\t-885.html
index.php\forum2\t-886.html
index.php\forum2\t-887.html
index.php\forum2\t-888.html
index.php\forum2\t-889.html
index.php\forum2\t-89.html
index.php\forum2\t-890.html
index.php\forum2\t-891.html
index.php\forum2\t-892.html
index.php\forum2\t-893.html
index.php\forum2\t-894.html
index.php\forum2\t-895.html
index.php\forum2\t-896.html
index.php\forum2\t-897.html
index.php\forum2\t-898.html
index.php\forum2\t-899.html
index.php\forum2\t-90.html
index.php\forum2\t-900.html
index.php\forum2\t-901.html
index.php\forum2\t-902.html
index.php\forum2\t-903.html
index.php\forum2\t-904.html
index.php\forum2\t-905.html
index.php\forum2\t-906.html
index.php\forum2\t-907.html
index.php\forum2\t-908.html
index.php\forum2\t-909.html
index.php\forum2\t-91-p-2.html
index.php\forum2\t-91.html
index.php\forum2\t-910.html
index.php\forum2\t-911.html
index.php\forum2\t-912.html
index.php\forum2\t-913.html
index.php\forum2\t-914-p-2.html
index.php\forum2\t-914.html
index.php\forum2\t-915.html
index.php\forum2\t-916.html
index.php\forum2\t-917.html
index.php\forum2\t-918.html
index.php\forum2\t-919.html
index.php\forum2\t-92.html
index.php\forum2\t-920.html
index.php\forum2\t-921.html
index.php\forum2\t-922.html
index.php\forum2\t-923-p-2.html
index.php\forum2\t-923.html
index.php\forum2\t-924.html
index.php\forum2\t-925.html
index.php\forum2\t-926.html
index.php\forum2\t-927.html
index.php\forum2\t-928.html
index.php\forum2\t-929.html
index.php\forum2\t-93.html
index.php\forum2\t-930.html
index.php\forum2\t-931.html
index.php\forum2\t-932.html
index.php\forum2\t-933.html
index.php\forum2\t-934.html
index.php\forum2\t-935.html
index.php\forum2\t-936.html
index.php\forum2\t-937.html
index.php\forum2\t-938.html
index.php\forum2\t-939.html
index.php\forum2\t-94.html
index.php\forum2\t-940.html
index.php\forum2\t-941-p-2.html
index.php\forum2\t-941.html
index.php\forum2\t-942.html
index.php\forum2\t-943.html
index.php\forum2\t-944-p-2.html
index.php\forum2\t-944-p-3.html
index.php\forum2\t-944.html
index.php\forum2\t-945-p-2.html
index.php\forum2\t-945-p-3.html
index.php\forum2\t-945.html
index.php\forum2\t-946-p-2.html
index.php\forum2\t-946-p-3.html
index.php\forum2\t-946-p-4.html
index.php\forum2\t-946-p-5.html
index.php\forum2\t-946-p-6.html
index.php\forum2\t-946.html
index.php\forum2\t-947.html
index.php\forum2\t-948.html
index.php\forum2\t-949.html
index.php\forum2\t-95.html
index.php\forum2\t-950.html
index.php\forum2\t-951.html
index.php\forum2\t-952.html
index.php\forum2\t-953.html
index.php\forum2\t-954.html
index.php\forum2\t-955.html
index.php\forum2\t-956.html
index.php\forum2\t-957.html
index.php\forum2\t-958.html
index.php\forum2\t-959.html
index.php\forum2\t-96.html
index.php\forum2\t-960.html
index.php\forum2\t-961-p-2.html
index.php\forum2\t-961.html
index.php\forum2\t-962.html
index.php\forum2\t-963.html
index.php\forum2\t-964.html
index.php\forum2\t-965.html
index.php\forum2\t-966.html
index.php\forum2\t-967-p-2.html
index.php\forum2\t-967.html
index.php\forum2\t-968.html
index.php\forum2\t-969.html
index.php\forum2\t-97.html
index.php\forum2\t-970.html
index.php\forum2\t-971.html
index.php\forum2\t-972.html
index.php\forum2\t-973.html
index.php\forum2\t-974.html
index.php\forum2\t-975-p-2.html
index.php\forum2\t-975-p-3.html
index.php\forum2\t-975.html
index.php\forum2\t-976-p-2.html
index.php\forum2\t-976-p-3.html
index.php\forum2\t-976-p-4.html
index.php\forum2\t-976-p-5.html
index.php\forum2\t-976-p-6.html
index.php\forum2\t-976-p-7.html
index.php\forum2\t-976.html
index.php\forum2\t-977-p-2.html
index.php\forum2\t-977-p-3.html
index.php\forum2\t-977.html
index.php\forum2\t-978.html
index.php\forum2\t-979.html
index.php\forum2\t-98.html
index.php\forum2\t-980.html
index.php\forum2\t-981.html
index.php\forum2\t-982.html
index.php\forum2\t-983.html
index.php\forum2\t-984.html
index.php\forum2\t-985.html
index.php\forum2\t-986.html
index.php\forum2\t-987.html
index.php\forum2\t-988.html
index.php\forum2\t-989.html
index.php\forum2\t-99.html
index.php\forum2\t-990.html
index.php\forum2\t-991.html
index.php\forum2\t-992.html
index.php\forum2\t-993.html
index.php\forum2\t-994.html
index.php\forum2\t-995.html
index.php\forum2\t-996.html
index.php\forum2\t-997.html
index.php\forum2\t-998.html
index.php\forum2\t-999.html
index.php\forum4\f-4.html
index.php\forum4\t-1.html
index.php\forum4\t-1301-p-2.html
index.php\forum4\t-1301.html
index.php\forum4\t-1313.html
index.php\forum4\t-1314-p-2.html
index.php\forum4\t-1314.html
index.php\forum4\t-1335.html
index.php\forum4\t-1336.html
index.php\forum4\t-1337.html
index.php\forum4\t-1338.html
index.php\forum4\t-1339.html
index.php\forum4\t-1341.html
index.php\forum4\t-1344.html
index.php\forum4\t-1345.html
index.php\forum4\t-1346.html
index.php\forum4\t-1348.html
index.php\forum4\t-1349.html
index.php\forum5\f-5-p-2.html
index.php\forum5\f-5.html
index.php\forum5\t-1315.html
index.php\forum5\t-1316.html
index.php\forum5\t-1317.html
index.php\forum5\t-1318.html
index.php\forum5\t-1319.html
index.php\forum5\t-1320.html
index.php\forum5\t-1321.html
index.php\forum5\t-1322.html
index.php\forum5\t-1323.html
index.php\forum5\t-1324.html
index.php\forum5\t-1325.html
index.php\forum5\t-1326.html
index.php\forum5\t-1327.html
index.php\forum5\t-1328.html
index.php\forum5\t-1329.html
index.php\forum5\t-1330.html
index.php\forum5\t-1331.html
index.php\forum5\t-1332.html
index.php\forum5\t-1333.html
index.php\forum5\t-1334.html
index.php\forum5\t-1340.html
index.php\forum5\t-1342.html
index.php\forum5\t-1343.html
index.php\forum5\t-1347.html
index.php\forum5\t-1350.html
index.php\forum5\t-1353.html
index.php\forum5\t-1355.html
index.php.htm
clientscript\images\0b4875e19b6f1.jpg
clientscript\images\14479.imgcache.imgcache.gif
clientscript\images\18-01-15-305918694.jpg
clientscript\images\481456main_bppsc2panel_665.jpg
clientscript\images\4ebeb-999-n7-bmp.jpg
clientscript\images\7jbn3n.jpg
clientscript\images\8000.jpg
clientscript\images\977505244.jpg
clientscript\images\alzahra.jpg
clientscript\images\attachment.jpg
clientscript\images\attachment2.jpg
clientscript\images\calendar1.gif
clientscript\config.js
clientscript\copy2clipboard.js
clientscript\images\explation_image\csf_(10).jpg
clientscript\images\explation_image\csf_(11).jpg
clientscript\images\explation_image\csf_(12).jpg
clientscript\images\explation_image\csf_(13).jpg
clientscript\images\explation_image\csf_(14).jpg
clientscript\images\explation_image\csf_(15).jpg
clientscript\images\explation_image\csf_(16).jpg
clientscript\images\explation_image\csf_(2).jpg
clientscript\images\explation_image\csf_(3).jpg
clientscript\images\explation_image\csf_(4).jpg
clientscript\images\explation_image\csf_(5).jpg
clientscript\images\explation_image\csf_(6).jpg
clientscript\images\explation_image\csf_(7).jpg
clientscript\images\explation_image\csf_(8).jpg
clientscript\images\explation_image\csf_(9).jpg
clientscript\images\da3esh_Image.JPG
clientscript\detection.js
clientscript\images\dfdf.jpg
clientscript\images\eclipseshadow.jpg
clientscript\images\edrak1433.jpg
clientscript\images\edrak1433shahada.jpg
clientscript\images\giants4.jpg
clientscript\images\halfmoon.jpg
clientscript\images\hollowearth.jpg
clientscript\images\im_mahdi.jpg
clientscript\images\imam.jpg
clientscript\images\imam_raya_img.jpg
clientscript\images\imamraya.jpg
clientscript\images\imam-sigpic.jpg
clientscript\images\imamwallpic.jpg
clientscript\images\imamwithAnsar.jpg
clientscript\images\imamwithGun1.jpg
clientscript\images\imamwithGun2.jpg
clientscript\images\imamwithGun3.jpg
clientscript\jquery.ba-hashchange.min.js
clientscript\jquery-1.11.1.min.js
clientscript\jqueryD_1_4_2.min.js
clientscript\jQueryMobile.v1.4.5.js
clientscript\images\loading.gif
clientscript\images\moon_complet.jpg
clientscript\images\mooncomplet_2.jpg
clientscript\images\moonorbit.jpg
clientscript\images\moonphases2.jpg
clientscript\images\naser.jpg
clientscript\images\naser_allah_lkareeb.jpg
clientscript\images\naser2.jpg
clientscript\images\nasser-mohammed.jpg
clientscript\images\New-Moon.jpg
clientscript\images\Nibiru_brown_dwarf_star.jpg
clientscript\images\phasesMoon2.jpg
clientscript\images\Rabet_1.jpg
clientscript\images\Rabet_2.jpg
clientscript\images\rayat-almahdi-nasser-mohamed.gif
clientscript\images\sakar.jpg
clientscript\settings.js
clientscript\images\seven_days_of_the_month.jpg
clientscript\images\skull.jpg
clientscript\images\SoFi2.jpg
clientscript\images\stars.jpg
clientscript\images\sun3.jpg
clientscript\images\ta7leel.jpg
clientscript\xregexp-all.js
template\Charcoal_Grey\usersettings.js
index.glo
archive.css
print.css
template\Charcoal_Grey\layout-rtl.css
template\Charcoal_Grey\layout.css
template\Charcoal_Grey\next_active.png
template\Charcoal_Grey\next_tab_active.png
template\Charcoal_Grey\index_mobile.png
template\Charcoal_Grey\preview\index-mobile.png
template\Charcoal_Grey\preview\functionbar-mobile.png
template\Charcoal_Grey\preview\functionbar-tablet.png
clientscript\images\7ub6oig3d1ow.png
clientscript\images\8apreal_2005secret.png
template\Charcoal_Grey\slider_open_ltr.png
template\Charcoal_Grey\slider_open_rtl.png
template\Charcoal_Grey\index_tab.png
template\Charcoal_Grey\toc_book_open_desktop.png
template\Charcoal_Grey\filter_desktop_applied.png
template\Charcoal_Grey\filter_mobile_active.png
template\Charcoal_Grey\glossary_mobile_active.png
template\Charcoal_Grey\preview\filter.png
template\Charcoal_Grey\preview\header.png
template\Charcoal_Grey\filter_tab_applied.png
template\Charcoal_Grey\andsearch_mark.png
template\Charcoal_Grey\filter_mobile_applied.png
template\Charcoal_Grey\filter_mobile_applied_active.png
template\Charcoal_Grey\filter_mark_radio.png
template\Charcoal_Grey\preview\glossary-desktop.png
template\Charcoal_Grey\preview\search-desktop.png
template\Charcoal_Grey\preview\layout-media-queries.png
clientscript\images\zawaj_mut3a.png
template\Charcoal_Grey\toc_book_closed_mobile_ltr.png
template\Charcoal_Grey\glossary_tab_active.png
template\Charcoal_Grey\back_to_topic.png
template\Charcoal_Grey\toc_book_closed_mobile_rtl.png
clientscript\images\n.png
clientscript\images\528ZX.png
template\Charcoal_Grey\slider_ltr.png
template\Charcoal_Grey\print_desktop.png
template\Charcoal_Grey\slider_rtl.png
template\Charcoal_Grey\filter_desktop.png
template\Charcoal_Grey\glossary_desktop.png
template\Charcoal_Grey\index_desktop.png
template\Charcoal_Grey\filter_tab.png
template\Charcoal_Grey\toc_tab_active.png
template\Charcoal_Grey\toc_topic_mobile.png
template\Charcoal_Grey\preview\index-desktop.png
clientscript\images\hothy.png
template\Charcoal_Grey\next.png
template\Charcoal_Grey\index_tab_active.png
template\Charcoal_Grey\logo.png
template\Charcoal_Grey\toc_topic_desktop.png
template\Charcoal_Grey\preview\sidebar-mobile.png
template\Charcoal_Grey\preview\sidebar-tablet.png
clientscript\images\Basmala.svg.png
template\Charcoal_Grey\toc_link_mobile_ltr.png
template\Charcoal_Grey\filter_tab_applied_active.png
template\Charcoal_Grey\next_mobile_active.png
template\Charcoal_Grey\toc_link_mobile_rtl.png
template\Charcoal_Grey\search_desktop.png
clientscript\images\matte44.png
clientscript\images\90-2.png
template\Charcoal_Grey\toc_book_closed_desktop_ltr.png
template\Charcoal_Grey\search_desktop_active.png
template\Charcoal_Grey\next_tab.png
template\Charcoal_Grey\search_mobile_navigation_active.png
template\Charcoal_Grey\toc_book_closed_desktop_rtl.png
clientscript\images\107955-i-s-l-a-m-i-c-.png
clientscript\images\da3esh_image2.png
template\Charcoal_Grey\toc_link_desktop_ltr.png
template\Charcoal_Grey\glossary_tab.png
template\Charcoal_Grey\andsearch_nomark.png
template\Charcoal_Grey\toc_link_desktop_rtl.png
template\Charcoal_Grey\preview\search.png
template\Charcoal_Grey\toc_mobile_active.png
template\Charcoal_Grey\next_mobile.png
template\Charcoal_Grey\previous_mobile.png
template\Charcoal_Grey\social_close_rtl.png
template\Charcoal_Grey\filter_clearall.png
template\Charcoal_Grey\preview\mobile_header.png
clientscript\images\mlhem_alhendy.png
clientscript\images\noon1.png
template\Charcoal_Grey\search_tab.png
template\Charcoal_Grey\search_tab_active.png
template\Charcoal_Grey\search_mobile_active.png
template\Charcoal_Grey\filter_nomark_radio.png
template\Charcoal_Grey\preview\filter-mobile.png
clientscript\images\systeme_solaire.png
clientscript\images\20.png
clientscript\images\siggeel.png
template\Charcoal_Grey\top.png
template\Charcoal_Grey\toc_tab.png
template\Charcoal_Grey\previous_tab_active.png
template\Charcoal_Grey\search_mobile_navigation.png
template\Charcoal_Grey\filter_mark.png
template\Charcoal_Grey\toc_book_open_mobile.png
clientscript\images\inarticleLarge.png
clientscript\images\edrak_1436.png
template\Charcoal_Grey\back_mobile_filter.png
template\Charcoal_Grey\social_open.png
template\Charcoal_Grey\preview\social.png
template\Charcoal_Grey\preview\user-settings.png
clientscript\images\raya-2.png
clientscript\images\alkady.PNG
clientscript\images\12170579_398716527004520_1060576549_n.png
clientscript\images\098.png
clientscript\images\109.png
clientscript\images\bawadi.png
template\Charcoal_Grey\previous_tab.png
template\Charcoal_Grey\index_mobile_active.png
template\Charcoal_Grey\previous_mobile_active.png
template\Charcoal_Grey\search_mobile.png
template\Charcoal_Grey\loading.gif
template\Charcoal_Grey\preview\glossary-mobile.png
template\Charcoal_Grey\preview\toc-mobile.png
clientscript\images\assafeena1_rajem3.png
clientscript\images\aldrer_almaknoon.png
template\Charcoal_Grey\social_close_ltr.png
template\Charcoal_Grey\previous.png
template\Charcoal_Grey\toc_desktop.png
template\Charcoal_Grey\glossary_mobile.png
template\Charcoal_Grey\idx_topic.png
template\Charcoal_Grey\preview\toc.png
template\Charcoal_Grey\preview\content.png
clientscript\images\water.png
template\Charcoal_Grey\previous_active.png
template\Charcoal_Grey\search_desktop_navigation.png
template\Charcoal_Grey\filter_tab_active.png
template\Charcoal_Grey\filter_mobile.png
template\Charcoal_Grey\toc_mobile.png
template\Charcoal_Grey\filter_nomark.png
template\Charcoal_Grey\toc_book_open_drildown.png
template\Charcoal_Grey\preview\sidebar-desktop.png
template\Charcoal_Grey\preview\functionbar-desktop.png
ehlpdhtm.js
SearchOptions.xml
index.ppf
RoboHHRE.lng
whxdata\toc2.js
whxdata\toc2.new.js
whxdata\toc3.js
whxdata\toc3.new.js
whxdata\toc4.js
whxdata\toc4.new.js
whxdata\toc5.js
whxdata\toc5.new.js
whxdata\toc1.js
whxdata\toc1.new.js
whxdata\toc.js
whxdata\toc.new.js
whxdata\idx.js
whxdata\idx.new.js
whxdata\glo.js
whxdata\glo.new.js
whxdata\csh.js
whxdata\window.js
projectdata.js
