glossary.htm
homepage.htm
index1.htm
searchresults.htm
tableofcontents.htm
template\scripts\constants.js
template\scripts\utils.js
template\scripts\mhutils.js
template\scripts\mhlang.js
template\scripts\mhver.js
template\scripts\settings.js
template\scripts\XmlJsReader.js
template\scripts\loadscreen.js
template\scripts\loadcsh.js
template\scripts\loadparentdata.js
template\scripts\loadprojdata.js
template\scripts\showhidecontrols.js
template\scripts\pageloader.js
template\scripts\mhtopic.js
template\resources\Search.png
template\scripts\searchfield.js
template\resources\BSBack.png
template\resources\BSNext.png
template\resources\LoadingData.gif
template\scripts\glossarylist.js
template\scripts\glossarylistloader.js
template\scripts\indextree.js
template\scripts\indextreeloader.js
template\scripts\mhfhost.js
template\scripts\search.js
template\scripts\tocdrilldown.js
template\scripts\tocdrilldownloader.js
template\resources\TOCNodeCloseBook.png
template\resources\TOCNodeCloseBookHover.png
template\resources\TOCNodeCloseBookSelected.png
template\resources\TOCNodeLink.png
template\resources\TOCNodeLinkHover.png
template\resources\TOCNodeLinkSelected.png
template\resources\TOCNodeOpenBook.png
template\resources\TOCNodeOpenBookHover.png
template\resources\TOCNodeOpenBookSelected.png
template\resources\TOCNodePage.png
template\resources\TOCNodePageHover.png
template\resources\TOCNodePageSelected.png
template\resources\TocNodeUp.png
index.htm
